<?xml version="1.0" encoding="UTF-8"?>
<coverage generated="1737280866901" clover="3.2.0">
  <project timestamp="1737280866901" name="All files">
    <metrics statements="74" coveredstatements="74" conditionals="12" coveredconditionals="9" methods="10" coveredmethods="10" elements="96" coveredelements="93" complexity="0" loc="74" ncloc="74" packages="3" files="6" classes="6"/>
    <package name="src">
      <metrics statements="39" coveredstatements="39" conditionals="8" coveredconditionals="5" methods="5" coveredmethods="5"/>
      <file name="App.styled.tsx" path="/Users/granarax/projects/inzynierka/monorepo/engineering-project/Frontend/user-basket/src/App.styled.tsx">
        <metrics statements="6" coveredstatements="6" conditionals="0" coveredconditionals="0" methods="0" coveredmethods="0"/>
        <line num="1" count="1" type="stmt"/>
        <line num="2" count="1" type="stmt"/>
        <line num="4" count="1" type="stmt"/>
        <line num="13" count="1" type="stmt"/>
        <line num="17" count="1" type="stmt"/>
        <line num="32" count="1" type="stmt"/>
      </file>
      <file name="App.tsx" path="/Users/granarax/projects/inzynierka/monorepo/engineering-project/Frontend/user-basket/src/App.tsx">
        <metrics statements="33" coveredstatements="33" conditionals="8" coveredconditionals="5" methods="5" coveredmethods="5"/>
        <line num="1" count="1" type="stmt"/>
        <line num="2" count="1" type="stmt"/>
        <line num="3" count="1" type="stmt"/>
        <line num="4" count="1" type="stmt"/>
        <line num="5" count="1" type="stmt"/>
        <line num="6" count="1" type="stmt"/>
        <line num="7" count="1" type="stmt"/>
        <line num="8" count="1" type="stmt"/>
        <line num="10" count="1" type="stmt"/>
        <line num="12" count="11" type="stmt"/>
        <line num="13" count="10" type="cond" truecount="1" falsecount="1"/>
        <line num="14" count="10" type="stmt"/>
        <line num="15" count="10" type="stmt"/>
        <line num="16" count="10" type="stmt"/>
        <line num="17" count="10" type="stmt"/>
        <line num="18" count="10" type="stmt"/>
        <line num="20" count="10" type="stmt"/>
        <line num="21" count="9" type="stmt"/>
        <line num="22" count="9" type="stmt"/>
        <line num="23" count="9" type="stmt"/>
        <line num="28" count="8" type="stmt"/>
        <line num="29" count="7" type="stmt"/>
        <line num="32" count="2" type="stmt"/>
        <line num="35" count="2" type="stmt"/>
        <line num="39" count="10" type="stmt"/>
        <line num="40" count="8" type="stmt"/>
        <line num="43" count="10" type="stmt"/>
        <line num="44" count="2" type="stmt"/>
        <line num="45" count="2" type="stmt"/>
        <line num="48" count="2" type="cond" truecount="1" falsecount="1"/>
        <line num="54" count="1" type="stmt"/>
        <line num="56" count="1" type="stmt"/>
        <line num="62" count="10" type="stmt"/>
      </file>
    </package>
    <package name="src.components.BasketItems">
      <metrics statements="19" coveredstatements="19" conditionals="4" coveredconditionals="4" methods="3" coveredmethods="3"/>
      <file name="BasketItems.styled.tsx" path="/Users/granarax/projects/inzynierka/monorepo/engineering-project/Frontend/user-basket/src/components/BasketItems/BasketItems.styled.tsx">
        <metrics statements="10" coveredstatements="10" conditionals="0" coveredconditionals="0" methods="0" coveredmethods="0"/>
        <line num="1" count="2" type="stmt"/>
        <line num="2" count="2" type="stmt"/>
        <line num="4" count="2" type="stmt"/>
        <line num="20" count="2" type="stmt"/>
        <line num="36" count="2" type="stmt"/>
        <line num="52" count="2" type="stmt"/>
        <line num="60" count="2" type="stmt"/>
        <line num="80" count="2" type="stmt"/>
        <line num="89" count="2" type="stmt"/>
        <line num="97" count="2" type="stmt"/>
      </file>
      <file name="BasketItems.tsx" path="/Users/granarax/projects/inzynierka/monorepo/engineering-project/Frontend/user-basket/src/components/BasketItems/BasketItems.tsx">
        <metrics statements="9" coveredstatements="9" conditionals="4" coveredconditionals="4" methods="3" coveredmethods="3"/>
        <line num="1" count="2" type="stmt"/>
        <line num="2" count="2" type="stmt"/>
        <line num="3" count="2" type="stmt"/>
        <line num="13" count="2" type="stmt"/>
        <line num="28" count="2" type="stmt"/>
        <line num="33" count="3" type="stmt"/>
        <line num="35" count="3" type="stmt"/>
        <line num="37" count="6" type="stmt"/>
        <line num="64" count="1" type="stmt"/>
      </file>
    </package>
    <package name="src.components.BasketSummary">
      <metrics statements="16" coveredstatements="16" conditionals="0" coveredconditionals="0" methods="2" coveredmethods="2"/>
      <file name="BasketSummary.styled.tsx" path="/Users/granarax/projects/inzynierka/monorepo/engineering-project/Frontend/user-basket/src/components/BasketSummary/BasketSummary.styled.tsx">
        <metrics statements="6" coveredstatements="6" conditionals="0" coveredconditionals="0" methods="0" coveredmethods="0"/>
        <line num="1" count="1" type="stmt"/>
        <line num="2" count="1" type="stmt"/>
        <line num="4" count="1" type="stmt"/>
        <line num="20" count="1" type="stmt"/>
        <line num="27" count="1" type="stmt"/>
        <line num="32" count="1" type="stmt"/>
      </file>
      <file name="BasketSummary.tsx" path="/Users/granarax/projects/inzynierka/monorepo/engineering-project/Frontend/user-basket/src/components/BasketSummary/BasketSummary.tsx">
        <metrics statements="10" coveredstatements="10" conditionals="0" coveredconditionals="0" methods="2" coveredmethods="2"/>
        <line num="1" count="1" type="stmt"/>
        <line num="2" count="1" type="stmt"/>
        <line num="8" count="1" type="stmt"/>
        <line num="9" count="1" type="stmt"/>
        <line num="15" count="1" type="stmt"/>
        <line num="19" count="2" type="stmt"/>
        <line num="20" count="2" type="stmt"/>
        <line num="22" count="2" type="stmt"/>
        <line num="23" count="1" type="stmt"/>
        <line num="26" count="2" type="stmt"/>
      </file>
    </package>
  </project>
</coverage>
