{"/Users/granarax/projects/inzynierka/monorepo/engineering-project/Frontend/user-basket/src/components/BasketItems/BasketItems.styled.tsx": {"path":"/Users/granarax/projects/inzynierka/monorepo/engineering-project/Frontend/user-basket/src/components/BasketItems/BasketItems.styled.tsx","statementMap":{"0":{"start":{"line":1,"column":0},"end":{"line":1,"column":65}},"1":{"start":{"line":2,"column":0},"end":{"line":2,"column":43}},"2":{"start":{"line":4,"column":13},"end":{"line":18,"column":2}},"3":{"start":{"line":20,"column":13},"end":{"line":34,"column":2}},"4":{"start":{"line":36,"column":13},"end":{"line":50,"column":2}},"5":{"start":{"line":52,"column":13},"end":{"line":58,"column":2}},"6":{"start":{"line":60,"column":13},"end":{"line":78,"column":2}},"7":{"start":{"line":80,"column":13},"end":{"line":87,"column":2}},"8":{"start":{"line":89,"column":13},"end":{"line":95,"column":2}},"9":{"start":{"line":97,"column":13},"end":{"line":100,"column":2}}},"fnMap":{},"branchMap":{},"s":{"0":1,"1":1,"2":1,"3":1,"4":1,"5":1,"6":1,"7":1,"8":1,"9":1},"f":{},"b":{}}
,"/Users/granarax/projects/inzynierka/monorepo/engineering-project/Frontend/user-basket/src/components/BasketItems/BasketItems.tsx": {"path":"/Users/granarax/projects/inzynierka/monorepo/engineering-project/Frontend/user-basket/src/components/BasketItems/BasketItems.tsx","statementMap":{"0":{"start":{"line":1,"column":0},"end":{"line":1,"column":54}},"1":{"start":{"line":2,"column":0},"end":{"line":2,"column":66}},"2":{"start":{"line":3,"column":0},"end":{"line":3,"column":null}},"3":{"start":{"line":13,"column":0},"end":{"line":13,"column":47}},"4":{"start":{"line":28,"column":27},"end":{"line":73,"column":1}},"5":{"start":{"line":33,"column":16},"end":{"line":33,"column":32}},"6":{"start":{"line":35,"column":4},"end":{"line":72,"column":27}},"7":{"start":{"line":37,"column":33},"end":{"line":38,"column":null}},"8":{"start":{"line":64,"column":39},"end":{"line":64,"column":68}},"9":{"start":{"line":28,"column":13},"end":{"line":28,"column":27}}},"fnMap":{"0":{"name":"(anonymous_0)","decl":{"start":{"line":28,"column":27},"end":{"line":28,"column":28}},"loc":{"start":{"line":31,"column":23},"end":{"line":73,"column":1}}},"1":{"name":"(anonymous_1)","decl":{"start":{"line":37,"column":18},"end":{"line":37,"column":19}},"loc":{"start":{"line":37,"column":33},"end":{"line":38,"column":null}}},"2":{"name":"(anonymous_2)","decl":{"start":{"line":64,"column":33},"end":{"line":64,"column":36}},"loc":{"start":{"line":64,"column":39},"end":{"line":64,"column":68}}}},"branchMap":{"0":{"loc":{"start":{"line":36,"column":9},"end":{"line":71,"column":66}},"type":"cond-expr","locations":[{"start":{"line":37,"column":8},"end":{"line":69,"column":null}},{"start":{"line":71,"column":6},"end":{"line":71,"column":66}}]},"1":{"loc":{"start":{"line":41,"column":21},"end":{"line":50,"column":null}},"type":"cond-expr","locations":[{"start":{"line":42,"column":24},"end":{"line":45,"column":null}},{"start":{"line":48,"column":24},"end":{"line":49,"column":null}}]}},"s":{"0":1,"1":1,"2":1,"3":1,"4":1,"5":3,"6":3,"7":6,"8":1,"9":1},"f":{"0":3,"1":6,"2":1},"b":{"0":[2,1],"1":[2,4]}}
}
