{"/Users/granarax/projects/inzynierka/monorepo/engineering-project/Frontend/user-basket/src/App.styled.tsx": {"path":"/Users/granarax/projects/inzynierka/monorepo/engineering-project/Frontend/user-basket/src/App.styled.tsx","statementMap":{"0":{"start":{"line":1,"column":0},"end":{"line":1,"column":59}},"1":{"start":{"line":2,"column":0},"end":{"line":2,"column":39}},"2":{"start":{"line":4,"column":13},"end":{"line":11,"column":2}},"3":{"start":{"line":13,"column":13},"end":{"line":15,"column":2}},"4":{"start":{"line":17,"column":13},"end":{"line":30,"column":2}},"5":{"start":{"line":32,"column":13},"end":{"line":34,"column":2}}},"fnMap":{},"branchMap":{},"s":{"0":1,"1":1,"2":1,"3":1,"4":1,"5":1},"f":{},"b":{}}
,"/Users/granarax/projects/inzynierka/monorepo/engineering-project/Frontend/user-basket/src/App.tsx": {"path":"/Users/granarax/projects/inzynierka/monorepo/engineering-project/Frontend/user-basket/src/App.tsx","statementMap":{"0":{"start":{"line":10,"column":0},"end":{"line":10,"column":24}},"1":{"start":{"line":1,"column":0},"end":{"line":1,"column":91}},"2":{"start":{"line":2,"column":0},"end":{"line":2,"column":73}},"3":{"start":{"line":3,"column":0},"end":{"line":3,"column":83}},"4":{"start":{"line":4,"column":0},"end":{"line":4,"column":47}},"5":{"start":{"line":5,"column":0},"end":{"line":5,"column":26}},"6":{"start":{"line":6,"column":0},"end":{"line":6,"column":57}},"7":{"start":{"line":7,"column":0},"end":{"line":7,"column":89}},"8":{"start":{"line":8,"column":0},"end":{"line":8,"column":20}},"9":{"start":{"line":12,"column":14},"end":{"line":12,"column":30}},"10":{"start":{"line":13,"column":20},"end":{"line":13,"column":86}},"11":{"start":{"line":14,"column":16},"end":{"line":14,"column":49}},"12":{"start":{"line":15,"column":40},"end":{"line":15,"column":77}},"13":{"start":{"line":16,"column":40},"end":{"line":16,"column":51}},"14":{"start":{"line":17,"column":44},"end":{"line":17,"column":59}},"15":{"start":{"line":18,"column":28},"end":{"line":18,"column":57}},"16":{"start":{"line":20,"column":25},"end":{"line":37,"column":31}},"17":{"start":{"line":21,"column":4},"end":{"line":36,"column":5}},"18":{"start":{"line":22,"column":6},"end":{"line":22,"column":30}},"19":{"start":{"line":23,"column":21},"end":{"line":27,"column":8}},"20":{"start":{"line":28,"column":6},"end":{"line":28,"column":49}},"21":{"start":{"line":29,"column":6},"end":{"line":29,"column":47}},"22":{"start":{"line":32,"column":6},"end":{"line":34,"column":56}},"23":{"start":{"line":35,"column":6},"end":{"line":35,"column":29}},"24":{"start":{"line":39,"column":2},"end":{"line":41,"column":23}},"25":{"start":{"line":40,"column":4},"end":{"line":40,"column":21}},"26":{"start":{"line":43,"column":29},"end":{"line":60,"column":3}},"27":{"start":{"line":44,"column":4},"end":{"line":59,"column":5}},"28":{"start":{"line":45,"column":6},"end":{"line":53,"column":9}},"29":{"start":{"line":48,"column":69},"end":{"line":48,"column":89}},"30":{"start":{"line":54,"column":6},"end":{"line":54,"column":29}},"31":{"start":{"line":56,"column":6},"end":{"line":58,"column":56}},"32":{"start":{"line":62,"column":2},"end":{"line":84,"column":null}}},"fnMap":{"0":{"name":"Basket","decl":{"start":{"line":10,"column":24},"end":{"line":10,"column":30}},"loc":{"start":{"line":10,"column":30},"end":{"line":85,"column":1}}},"1":{"name":"(anonymous_1)","decl":{"start":{"line":20,"column":37},"end":{"line":20,"column":42}},"loc":{"start":{"line":20,"column":47},"end":{"line":37,"column":3}}},"2":{"name":"(anonymous_2)","decl":{"start":{"line":39,"column":12},"end":{"line":39,"column":15}},"loc":{"start":{"line":39,"column":17},"end":{"line":41,"column":3}}},"3":{"name":"(anonymous_3)","decl":{"start":{"line":43,"column":29},"end":{"line":43,"column":34}},"loc":{"start":{"line":43,"column":53},"end":{"line":60,"column":3}}},"4":{"name":"(anonymous_4)","decl":{"start":{"line":48,"column":59},"end":{"line":48,"column":60}},"loc":{"start":{"line":48,"column":69},"end":{"line":48,"column":89}}}},"branchMap":{"0":{"loc":{"start":{"line":13,"column":20},"end":{"line":13,"column":86}},"type":"cond-expr","locations":[{"start":{"line":13,"column":56},"end":{"line":13,"column":70}},{"start":{"line":13,"column":73},"end":{"line":13,"column":86}}]},"1":{"loc":{"start":{"line":48,"column":21},"end":{"line":48,"column":105}},"type":"binary-expr","locations":[{"start":{"line":48,"column":21},"end":{"line":48,"column":100}},{"start":{"line":48,"column":104},"end":{"line":48,"column":105}}]},"2":{"loc":{"start":{"line":69,"column":10},"end":{"line":80,"column":67}},"type":"cond-expr","locations":[{"start":{"line":71,"column":12},"end":{"line":71,"column":52}},{"start":{"line":73,"column":12},"end":{"line":80,"column":67}}]},"3":{"loc":{"start":{"line":73,"column":12},"end":{"line":80,"column":67}},"type":"cond-expr","locations":[{"start":{"line":73,"column":36},"end":{"line":78,"column":null}},{"start":{"line":80,"column":13},"end":{"line":80,"column":65}}]}},"s":{"0":1,"1":1,"2":1,"3":1,"4":1,"5":1,"6":1,"7":1,"8":1,"9":11,"10":10,"11":10,"12":10,"13":10,"14":10,"15":10,"16":10,"17":9,"18":9,"19":9,"20":8,"21":7,"22":2,"23":2,"24":10,"25":8,"26":10,"27":2,"28":2,"29":2,"30":1,"31":1,"32":10},"f":{"0":11,"1":9,"2":8,"3":2,"4":2},"b":{"0":[10,0],"1":[2,0],"2":[0,10],"3":[5,5]}}
,"/Users/granarax/projects/inzynierka/monorepo/engineering-project/Frontend/user-basket/src/components/BasketItems/BasketItems.styled.tsx": {"path":"/Users/granarax/projects/inzynierka/monorepo/engineering-project/Frontend/user-basket/src/components/BasketItems/BasketItems.styled.tsx","statementMap":{"0":{"start":{"line":1,"column":0},"end":{"line":1,"column":65}},"1":{"start":{"line":2,"column":0},"end":{"line":2,"column":43}},"2":{"start":{"line":4,"column":13},"end":{"line":18,"column":2}},"3":{"start":{"line":20,"column":13},"end":{"line":34,"column":2}},"4":{"start":{"line":36,"column":13},"end":{"line":50,"column":2}},"5":{"start":{"line":52,"column":13},"end":{"line":58,"column":2}},"6":{"start":{"line":60,"column":13},"end":{"line":78,"column":2}},"7":{"start":{"line":80,"column":13},"end":{"line":87,"column":2}},"8":{"start":{"line":89,"column":13},"end":{"line":95,"column":2}},"9":{"start":{"line":97,"column":13},"end":{"line":100,"column":2}}},"fnMap":{},"branchMap":{},"s":{"0":2,"1":2,"2":2,"3":2,"4":2,"5":2,"6":2,"7":2,"8":2,"9":2},"f":{},"b":{}}
,"/Users/granarax/projects/inzynierka/monorepo/engineering-project/Frontend/user-basket/src/components/BasketItems/BasketItems.tsx": {"path":"/Users/granarax/projects/inzynierka/monorepo/engineering-project/Frontend/user-basket/src/components/BasketItems/BasketItems.tsx","statementMap":{"0":{"start":{"line":1,"column":0},"end":{"line":1,"column":54}},"1":{"start":{"line":2,"column":0},"end":{"line":2,"column":66}},"2":{"start":{"line":3,"column":0},"end":{"line":3,"column":null}},"3":{"start":{"line":13,"column":0},"end":{"line":13,"column":47}},"4":{"start":{"line":28,"column":27},"end":{"line":73,"column":1}},"5":{"start":{"line":33,"column":16},"end":{"line":33,"column":32}},"6":{"start":{"line":35,"column":4},"end":{"line":72,"column":27}},"7":{"start":{"line":37,"column":33},"end":{"line":38,"column":null}},"8":{"start":{"line":64,"column":39},"end":{"line":64,"column":68}},"9":{"start":{"line":28,"column":13},"end":{"line":28,"column":27}}},"fnMap":{"0":{"name":"(anonymous_0)","decl":{"start":{"line":28,"column":27},"end":{"line":28,"column":28}},"loc":{"start":{"line":31,"column":23},"end":{"line":73,"column":1}}},"1":{"name":"(anonymous_1)","decl":{"start":{"line":37,"column":18},"end":{"line":37,"column":19}},"loc":{"start":{"line":37,"column":33},"end":{"line":38,"column":null}}},"2":{"name":"(anonymous_2)","decl":{"start":{"line":64,"column":33},"end":{"line":64,"column":36}},"loc":{"start":{"line":64,"column":39},"end":{"line":64,"column":68}}}},"branchMap":{"0":{"loc":{"start":{"line":36,"column":9},"end":{"line":71,"column":66}},"type":"cond-expr","locations":[{"start":{"line":37,"column":8},"end":{"line":69,"column":null}},{"start":{"line":71,"column":6},"end":{"line":71,"column":66}}]},"1":{"loc":{"start":{"line":41,"column":21},"end":{"line":50,"column":null}},"type":"cond-expr","locations":[{"start":{"line":42,"column":24},"end":{"line":45,"column":null}},{"start":{"line":48,"column":24},"end":{"line":49,"column":null}}]}},"s":{"0":2,"1":2,"2":2,"3":2,"4":2,"5":3,"6":3,"7":6,"8":1,"9":2},"f":{"0":3,"1":6,"2":1},"b":{"0":[2,1],"1":[2,4]}}
,"/Users/granarax/projects/inzynierka/monorepo/engineering-project/Frontend/user-basket/src/components/BasketSummary/BasketSummary.styled.tsx": {"path":"/Users/granarax/projects/inzynierka/monorepo/engineering-project/Frontend/user-basket/src/components/BasketSummary/BasketSummary.styled.tsx","statementMap":{"0":{"start":{"line":1,"column":0},"end":{"line":1,"column":69}},"1":{"start":{"line":2,"column":0},"end":{"line":2,"column":39}},"2":{"start":{"line":4,"column":13},"end":{"line":18,"column":2}},"3":{"start":{"line":20,"column":13},"end":{"line":25,"column":2}},"4":{"start":{"line":27,"column":13},"end":{"line":30,"column":2}},"5":{"start":{"line":32,"column":13},"end":{"line":42,"column":2}}},"fnMap":{},"branchMap":{},"s":{"0":1,"1":1,"2":1,"3":1,"4":1,"5":1},"f":{},"b":{}}
,"/Users/granarax/projects/inzynierka/monorepo/engineering-project/Frontend/user-basket/src/components/BasketSummary/BasketSummary.tsx": {"path":"/Users/granarax/projects/inzynierka/monorepo/engineering-project/Frontend/user-basket/src/components/BasketSummary/BasketSummary.tsx","statementMap":{"0":{"start":{"line":1,"column":0},"end":{"line":1,"column":50}},"1":{"start":{"line":2,"column":0},"end":{"line":2,"column":null}},"2":{"start":{"line":8,"column":0},"end":{"line":8,"column":47}},"3":{"start":{"line":9,"column":0},"end":{"line":9,"column":45}},"4":{"start":{"line":15,"column":29},"end":{"line":47,"column":1}},"5":{"start":{"line":19,"column":16},"end":{"line":19,"column":32}},"6":{"start":{"line":20,"column":21},"end":{"line":20,"column":34}},"7":{"start":{"line":22,"column":27},"end":{"line":24,"column":5}},"8":{"start":{"line":23,"column":8},"end":{"line":23,"column":27}},"9":{"start":{"line":26,"column":4},"end":{"line":46,"column":6}},"10":{"start":{"line":15,"column":13},"end":{"line":15,"column":29}}},"fnMap":{"0":{"name":"(anonymous_0)","decl":{"start":{"line":15,"column":29},"end":{"line":15,"column":30}},"loc":{"start":{"line":17,"column":25},"end":{"line":47,"column":1}}},"1":{"name":"(anonymous_1)","decl":{"start":{"line":22,"column":27},"end":{"line":22,"column":30}},"loc":{"start":{"line":22,"column":32},"end":{"line":24,"column":5}}}},"branchMap":{},"s":{"0":1,"1":1,"2":1,"3":1,"4":1,"5":2,"6":2,"7":2,"8":1,"9":2,"10":1},"f":{"0":2,"1":1},"b":{}}
}
