TN:
SF:src/App.styled.tsx
FNF:0
FNH:0
DA:1,1
DA:2,1
DA:4,1
DA:13,1
DA:17,1
DA:32,1
LF:6
LH:6
BRF:0
BRH:0
end_of_record
TN:
SF:src/App.tsx
FN:9,Basket
FN:19,(anonymous_1)
FN:38,(anonymous_2)
FNF:3
FNH:3
FNDA:5,Basket
FNDA:4,(anonymous_1)
FNDA:4,(anonymous_2)
DA:1,1
DA:2,1
DA:3,1
DA:4,1
DA:5,1
DA:6,1
DA:7,1
DA:9,1
DA:11,5
DA:12,4
DA:13,4
DA:14,4
DA:15,4
DA:16,4
DA:17,4
DA:19,4
DA:20,4
DA:21,4
DA:22,4
DA:27,3
DA:28,2
DA:31,2
DA:34,2
DA:38,4
DA:39,4
DA:42,4
LF:26
LH:26
BRDA:12,0,0,4
BRDA:12,0,1,0
BRDA:49,1,0,0
BRDA:49,1,1,4
BRDA:53,2,0,1
BRDA:53,2,1,3
BRF:6
BRH:4
end_of_record
