TN:
SF:src/App.styled.tsx
FNF:0
FNH:0
DA:1,1
DA:2,1
DA:4,1
DA:13,1
DA:17,1
DA:32,1
LF:6
LH:6
BRF:0
BRH:0
end_of_record
TN:
SF:src/App.tsx
FN:10,Basket
FN:21,(anonymous_1)
FN:45,(anonymous_2)
FN:46,(anonymous_3)
FN:52,(anonymous_4)
FN:57,(anonymous_5)
FNF:6
FNH:6
FNDA:17,Basket
FNDA:13,(anonymous_1)
FNDA:12,(anonymous_2)
FNDA:12,(anonymous_3)
FNDA:2,(anonymous_4)
FNDA:2,(anonymous_5)
DA:1,1
DA:2,1
DA:3,1
DA:4,1
DA:5,1
DA:6,1
DA:7,1
DA:8,1
DA:10,1
DA:12,17
DA:13,16
DA:14,16
DA:15,16
DA:16,16
DA:17,16
DA:18,16
DA:19,16
DA:21,16
DA:22,13
DA:23,13
DA:24,13
DA:25,13
DA:30,12
DA:31,4
DA:33,7
DA:34,7
DA:38,2
DA:41,2
DA:45,16
DA:46,12
DA:47,12
DA:49,12
DA:52,16
DA:53,2
DA:54,2
DA:57,2
DA:63,1
DA:65,1
DA:71,16
LF:39
LH:39
BRDA:13,0,0,16
BRDA:13,0,1,0
BRDA:30,1,0,4
BRDA:30,1,1,7
BRDA:57,2,0,2
BRDA:57,2,1,0
BRDA:78,3,0,0
BRDA:78,3,1,16
BRDA:83,4,0,1
BRDA:83,4,1,15
BRDA:86,5,0,9
BRDA:86,5,1,6
BRF:12
BRH:9
end_of_record
TN:
SF:src/components/BasketItems/BasketItems.styled.tsx
FNF:0
FNH:0
DA:1,2
DA:2,2
DA:4,2
DA:20,2
DA:36,2
DA:52,2
DA:60,2
DA:80,2
DA:89,2
DA:97,2
LF:10
LH:10
BRF:0
BRH:0
end_of_record
TN:
SF:src/components/BasketItems/BasketItems.tsx
FN:27,(anonymous_0)
FN:36,(anonymous_1)
FN:61,(anonymous_2)
FNF:3
FNH:3
FNDA:3,(anonymous_0)
FNDA:6,(anonymous_1)
FNDA:1,(anonymous_2)
DA:1,2
DA:2,2
DA:3,2
DA:12,2
DA:27,2
DA:32,3
DA:34,3
DA:36,6
DA:61,1
LF:9
LH:9
BRDA:35,0,0,2
BRDA:35,0,1,1
BRDA:40,1,0,2
BRDA:40,1,1,4
BRF:4
BRH:4
end_of_record
TN:
SF:src/components/BasketSummary/BasketSummary.styled.tsx
FNF:0
FNH:0
DA:1,1
DA:2,1
DA:4,1
DA:20,1
DA:27,1
DA:32,1
LF:6
LH:6
BRF:0
BRH:0
end_of_record
TN:
SF:src/components/BasketSummary/BasketSummary.tsx
FN:15,(anonymous_0)
FN:22,(anonymous_1)
FNF:2
FNH:2
FNDA:2,(anonymous_0)
FNDA:1,(anonymous_1)
DA:1,1
DA:2,1
DA:8,1
DA:9,1
DA:15,1
DA:19,2
DA:20,2
DA:22,2
DA:23,1
DA:26,2
LF:10
LH:10
BRF:0
BRH:0
end_of_record
