<?xml version="1.0" encoding="UTF-8"?>
<coverage generated="1735747634821" clover="3.2.0">
  <project timestamp="1735747634821" name="All files">
    <metrics statements="40" coveredstatements="40" conditionals="12" coveredconditionals="7" methods="12" coveredmethods="12" elements="64" coveredelements="59" complexity="0" loc="40" ncloc="40" packages="4" files="8" classes="8"/>
    <package name="Address">
      <metrics statements="14" coveredstatements="14" conditionals="10" coveredconditionals="5" methods="6" coveredmethods="6"/>
      <file name="AddressForm.styled.tsx" path="/Users/granarax/projects/inzynierka/monorepo/engineering-project/Frontend/user-order/src/components/Address/AddressForm.styled.tsx">
        <metrics statements="2" coveredstatements="2" conditionals="0" coveredconditionals="0" methods="0" coveredmethods="0"/>
        <line num="1" count="1" type="stmt"/>
        <line num="3" count="1" type="stmt"/>
      </file>
      <file name="AddressForm.tsx" path="/Users/granarax/projects/inzynierka/monorepo/engineering-project/Frontend/user-order/src/components/Address/AddressForm.tsx">
        <metrics statements="12" coveredstatements="12" conditionals="10" coveredconditionals="5" methods="6" coveredmethods="6"/>
        <line num="2" count="1" type="stmt"/>
        <line num="3" count="1" type="stmt"/>
        <line num="4" count="1" type="stmt"/>
        <line num="16" count="1" type="stmt"/>
        <line num="17" count="2" type="stmt"/>
        <line num="18" count="2" type="stmt"/>
        <line num="20" count="2" type="stmt"/>
        <line num="30" count="1" type="stmt"/>
        <line num="39" count="1" type="stmt"/>
        <line num="48" count="1" type="stmt"/>
        <line num="57" count="1" type="stmt"/>
        <line num="67" count="1" type="stmt"/>
      </file>
    </package>
    <package name="Delivery">
      <metrics statements="9" coveredstatements="9" conditionals="2" coveredconditionals="2" methods="3" coveredmethods="3"/>
      <file name="DeliveryMethod.styled.tsx" path="/Users/granarax/projects/inzynierka/monorepo/engineering-project/Frontend/user-order/src/components/Delivery/DeliveryMethod.styled.tsx">
        <metrics statements="2" coveredstatements="2" conditionals="0" coveredconditionals="0" methods="0" coveredmethods="0"/>
        <line num="1" count="1" type="stmt"/>
        <line num="3" count="1" type="stmt"/>
      </file>
      <file name="DeliveryMethods.tsx" path="/Users/granarax/projects/inzynierka/monorepo/engineering-project/Frontend/user-order/src/components/Delivery/DeliveryMethods.tsx">
        <metrics statements="7" coveredstatements="7" conditionals="2" coveredconditionals="2" methods="3" coveredmethods="3"/>
        <line num="2" count="1" type="stmt"/>
        <line num="3" count="1" type="stmt"/>
        <line num="12" count="1" type="stmt"/>
        <line num="13" count="2" type="stmt"/>
        <line num="15" count="2" type="stmt"/>
        <line num="22" count="1" type="stmt"/>
        <line num="26" count="1" type="stmt"/>
      </file>
    </package>
    <package name="Items">
      <metrics statements="10" coveredstatements="10" conditionals="0" coveredconditionals="0" methods="2" coveredmethods="2"/>
      <file name="BaksteItemList.styled.tsx" path="/Users/granarax/projects/inzynierka/monorepo/engineering-project/Frontend/user-order/src/components/Items/BaksteItemList.styled.tsx">
        <metrics statements="2" coveredstatements="2" conditionals="0" coveredconditionals="0" methods="0" coveredmethods="0"/>
        <line num="1" count="1" type="stmt"/>
        <line num="3" count="1" type="stmt"/>
      </file>
      <file name="BasketItemList.tsx" path="/Users/granarax/projects/inzynierka/monorepo/engineering-project/Frontend/user-order/src/components/Items/BasketItemList.tsx">
        <metrics statements="8" coveredstatements="8" conditionals="0" coveredconditionals="0" methods="2" coveredmethods="2"/>
        <line num="2" count="1" type="stmt"/>
        <line num="3" count="1" type="stmt"/>
        <line num="4" count="1" type="stmt"/>
        <line num="10" count="1" type="stmt"/>
        <line num="11" count="1" type="stmt"/>
        <line num="12" count="1" type="stmt"/>
        <line num="14" count="1" type="stmt"/>
        <line num="18" count="1" type="stmt"/>
      </file>
    </package>
    <package name="Order">
      <metrics statements="7" coveredstatements="7" conditionals="0" coveredconditionals="0" methods="1" coveredmethods="1"/>
      <file name="OrderSummary.styled.tsx" path="/Users/granarax/projects/inzynierka/monorepo/engineering-project/Frontend/user-order/src/components/Order/OrderSummary.styled.tsx">
        <metrics statements="2" coveredstatements="2" conditionals="0" coveredconditionals="0" methods="0" coveredmethods="0"/>
        <line num="1" count="1" type="stmt"/>
        <line num="3" count="1" type="stmt"/>
      </file>
      <file name="OrderSummary.tsx" path="/Users/granarax/projects/inzynierka/monorepo/engineering-project/Frontend/user-order/src/components/Order/OrderSummary.tsx">
        <metrics statements="5" coveredstatements="5" conditionals="0" coveredconditionals="0" methods="1" coveredmethods="1"/>
        <line num="1" count="1" type="stmt"/>
        <line num="2" count="1" type="stmt"/>
        <line num="9" count="1" type="stmt"/>
        <line num="10" count="1" type="stmt"/>
        <line num="12" count="1" type="stmt"/>
      </file>
    </package>
  </project>
</coverage>
