{"/Users/granarax/projects/inzynierka/monorepo/engineering-project/Frontend/user-order/src/components/Address/AddressForm.styled.tsx": {"path":"/Users/granarax/projects/inzynierka/monorepo/engineering-project/Frontend/user-order/src/components/Address/AddressForm.styled.tsx","statementMap":{"0":{"start":{"line":1,"column":0},"end":{"line":1,"column":68}},"1":{"start":{"line":3,"column":13},"end":{"line":13,"column":3}}},"fnMap":{},"branchMap":{},"s":{"0":1,"1":1},"f":{},"b":{}}
,"/Users/granarax/projects/inzynierka/monorepo/engineering-project/Frontend/user-order/src/components/Address/AddressForm.tsx": {"path":"/Users/granarax/projects/inzynierka/monorepo/engineering-project/Frontend/user-order/src/components/Address/AddressForm.tsx","statementMap":{"0":{"start":{"line":15,"column":0},"end":{"line":15,"column":16}},"1":{"start":{"line":2,"column":0},"end":{"line":2,"column":62}},"2":{"start":{"line":3,"column":0},"end":{"line":3,"column":58}},"3":{"start":{"line":16,"column":19},"end":{"line":16,"column":41}},"4":{"start":{"line":18,"column":4},"end":{"line":70,"column":6}},"5":{"start":{"line":28,"column":33},"end":{"line":28,"column":83}},"6":{"start":{"line":37,"column":33},"end":{"line":37,"column":81}},"7":{"start":{"line":46,"column":33},"end":{"line":46,"column":82}},"8":{"start":{"line":55,"column":33},"end":{"line":55,"column":87}},"9":{"start":{"line":65,"column":33},"end":{"line":65,"column":84}}},"fnMap":{"0":{"name":"AddressForm","decl":{"start":{"line":15,"column":16},"end":{"line":15,"column":27}},"loc":{"start":{"line":15,"column":136},"end":{"line":71,"column":1}}},"1":{"name":"(anonymous_1)","decl":{"start":{"line":28,"column":26},"end":{"line":28,"column":27}},"loc":{"start":{"line":28,"column":33},"end":{"line":28,"column":83}}},"2":{"name":"(anonymous_2)","decl":{"start":{"line":37,"column":26},"end":{"line":37,"column":27}},"loc":{"start":{"line":37,"column":33},"end":{"line":37,"column":81}}},"3":{"name":"(anonymous_3)","decl":{"start":{"line":46,"column":26},"end":{"line":46,"column":27}},"loc":{"start":{"line":46,"column":33},"end":{"line":46,"column":82}}},"4":{"name":"(anonymous_4)","decl":{"start":{"line":55,"column":26},"end":{"line":55,"column":27}},"loc":{"start":{"line":55,"column":33},"end":{"line":55,"column":87}}},"5":{"name":"(anonymous_5)","decl":{"start":{"line":65,"column":26},"end":{"line":65,"column":27}},"loc":{"start":{"line":65,"column":33},"end":{"line":65,"column":84}}}},"branchMap":{"0":{"loc":{"start":{"line":27,"column":23},"end":{"line":27,"column":43}},"type":"binary-expr","locations":[{"start":{"line":27,"column":23},"end":{"line":27,"column":37}},{"start":{"line":27,"column":41},"end":{"line":27,"column":43}}]},"1":{"loc":{"start":{"line":36,"column":23},"end":{"line":36,"column":41}},"type":"binary-expr","locations":[{"start":{"line":36,"column":23},"end":{"line":36,"column":35}},{"start":{"line":36,"column":39},"end":{"line":36,"column":41}}]},"2":{"loc":{"start":{"line":45,"column":23},"end":{"line":45,"column":42}},"type":"binary-expr","locations":[{"start":{"line":45,"column":23},"end":{"line":45,"column":36}},{"start":{"line":45,"column":40},"end":{"line":45,"column":42}}]},"3":{"loc":{"start":{"line":54,"column":23},"end":{"line":54,"column":47}},"type":"binary-expr","locations":[{"start":{"line":54,"column":23},"end":{"line":54,"column":41}},{"start":{"line":54,"column":45},"end":{"line":54,"column":47}}]},"4":{"loc":{"start":{"line":64,"column":23},"end":{"line":64,"column":44}},"type":"binary-expr","locations":[{"start":{"line":64,"column":23},"end":{"line":64,"column":38}},{"start":{"line":64,"column":42},"end":{"line":64,"column":44}}]}},"s":{"0":1,"1":1,"2":1,"3":2,"4":2,"5":1,"6":1,"7":1,"8":1,"9":1},"f":{"0":2,"1":1,"2":1,"3":1,"4":1,"5":1},"b":{"0":[2,0],"1":[2,0],"2":[2,0],"3":[2,0],"4":[2,0]}}
,"/Users/granarax/projects/inzynierka/monorepo/engineering-project/Frontend/user-order/src/components/Delivery/DeliveryMethod.styled.tsx": {"path":"/Users/granarax/projects/inzynierka/monorepo/engineering-project/Frontend/user-order/src/components/Delivery/DeliveryMethod.styled.tsx","statementMap":{"0":{"start":{"line":1,"column":0},"end":{"line":1,"column":68}},"1":{"start":{"line":3,"column":13},"end":{"line":17,"column":3}}},"fnMap":{},"branchMap":{},"s":{"0":1,"1":1},"f":{},"b":{}}
,"/Users/granarax/projects/inzynierka/monorepo/engineering-project/Frontend/user-order/src/components/Delivery/DeliveryMethods.tsx": {"path":"/Users/granarax/projects/inzynierka/monorepo/engineering-project/Frontend/user-order/src/components/Delivery/DeliveryMethods.tsx","statementMap":{"0":{"start":{"line":12,"column":0},"end":{"line":12,"column":16}},"1":{"start":{"line":2,"column":0},"end":{"line":2,"column":67}},"2":{"start":{"line":3,"column":0},"end":{"line":3,"column":65}},"3":{"start":{"line":13,"column":19},"end":{"line":13,"column":45}},"4":{"start":{"line":15,"column":4},"end":{"line":38,"column":6}},"5":{"start":{"line":22,"column":20},"end":{"line":22,"column":66}},"6":{"start":{"line":23,"column":20},"end":{"line":23,"column":70}},"7":{"start":{"line":24,"column":20},"end":{"line":24,"column":null}},"8":{"start":{"line":28,"column":20},"end":{"line":34,"column":22}}},"fnMap":{"0":{"name":"DeliveryMethods","decl":{"start":{"line":12,"column":16},"end":{"line":12,"column":31}},"loc":{"start":{"line":12,"column":106},"end":{"line":39,"column":1}}},"1":{"name":"(anonymous_1)","decl":{"start":{"line":21,"column":26},"end":{"line":21,"column":27}},"loc":{"start":{"line":21,"column":38},"end":{"line":25,"column":17}}},"2":{"name":"(anonymous_2)","decl":{"start":{"line":27,"column":36},"end":{"line":27,"column":42}},"loc":{"start":{"line":27,"column":45},"end":{"line":35,"column":17}}}},"branchMap":{"0":{"loc":{"start":{"line":20,"column":23},"end":{"line":20,"column":46}},"type":"binary-expr","locations":[{"start":{"line":20,"column":23},"end":{"line":20,"column":40}},{"start":{"line":20,"column":44},"end":{"line":20,"column":46}}]}},"s":{"0":1,"1":1,"2":1,"3":2,"4":2,"5":1,"6":1,"7":1,"8":1},"f":{"0":2,"1":1,"2":1},"b":{"0":[2,2]}}
,"/Users/granarax/projects/inzynierka/monorepo/engineering-project/Frontend/user-order/src/components/Items/BaksteItemList.styled.tsx": {"path":"/Users/granarax/projects/inzynierka/monorepo/engineering-project/Frontend/user-order/src/components/Items/BaksteItemList.styled.tsx","statementMap":{"0":{"start":{"line":1,"column":0},"end":{"line":1,"column":68}},"1":{"start":{"line":3,"column":13},"end":{"line":33,"column":3}}},"fnMap":{},"branchMap":{},"s":{"0":1,"1":1},"f":{},"b":{}}
,"/Users/granarax/projects/inzynierka/monorepo/engineering-project/Frontend/user-order/src/components/Items/BasketItemList.tsx": {"path":"/Users/granarax/projects/inzynierka/monorepo/engineering-project/Frontend/user-order/src/components/Items/BasketItemList.tsx","statementMap":{"0":{"start":{"line":10,"column":0},"end":{"line":10,"column":16}},"1":{"start":{"line":2,"column":0},"end":{"line":2,"column":50}},"2":{"start":{"line":3,"column":0},"end":{"line":3,"column":65}},"3":{"start":{"line":11,"column":19},"end":{"line":11,"column":45}},"4":{"start":{"line":13,"column":4},"end":{"line":27,"column":6}},"5":{"start":{"line":17,"column":16},"end":{"line":17,"column":37}}},"fnMap":{"0":{"name":"BasketItemsList","decl":{"start":{"line":10,"column":16},"end":{"line":10,"column":31}},"loc":{"start":{"line":10,"column":63},"end":{"line":28,"column":1}}},"1":{"name":"(anonymous_1)","decl":{"start":{"line":16,"column":23},"end":{"line":16,"column":27}},"loc":{"start":{"line":17,"column":16},"end":{"line":17,"column":37}}}},"branchMap":{},"s":{"0":1,"1":1,"2":1,"3":1,"4":1,"5":1},"f":{"0":1,"1":1},"b":{}}
,"/Users/granarax/projects/inzynierka/monorepo/engineering-project/Frontend/user-order/src/components/Order/OrderSummary.styled.tsx": {"path":"/Users/granarax/projects/inzynierka/monorepo/engineering-project/Frontend/user-order/src/components/Order/OrderSummary.styled.tsx","statementMap":{"0":{"start":{"line":1,"column":0},"end":{"line":1,"column":68}},"1":{"start":{"line":3,"column":13},"end":{"line":17,"column":3}}},"fnMap":{},"branchMap":{},"s":{"0":1,"1":1},"f":{},"b":{}}
,"/Users/granarax/projects/inzynierka/monorepo/engineering-project/Frontend/user-order/src/components/Order/OrderSummary.tsx": {"path":"/Users/granarax/projects/inzynierka/monorepo/engineering-project/Frontend/user-order/src/components/Order/OrderSummary.tsx","statementMap":{"0":{"start":{"line":9,"column":0},"end":{"line":9,"column":16}},"1":{"start":{"line":1,"column":0},"end":{"line":1,"column":48}},"2":{"start":{"line":2,"column":0},"end":{"line":2,"column":60}},"3":{"start":{"line":10,"column":19},"end":{"line":10,"column":42}},"4":{"start":{"line":12,"column":4},"end":{"line":17,"column":6}}},"fnMap":{"0":{"name":"OrderSummary","decl":{"start":{"line":9,"column":16},"end":{"line":9,"column":28}},"loc":{"start":{"line":9,"column":88},"end":{"line":18,"column":1}}}},"branchMap":{},"s":{"0":1,"1":1,"2":1,"3":1,"4":1},"f":{"0":1},"b":{}}
}
