{"/Users/granarax/projects/inzynierka/monorepo/engineering-project/Frontend/user-order/src/components/Address/AddressForm.styled.tsx": {"path":"/Users/granarax/projects/inzynierka/monorepo/engineering-project/Frontend/user-order/src/components/Address/AddressForm.styled.tsx","statementMap":{"0":{"start":{"line":1,"column":0},"end":{"line":1,"column":39}},"1":{"start":{"line":3,"column":13},"end":{"line":9,"column":2}}},"fnMap":{},"branchMap":{},"s":{"0":2,"1":2},"f":{},"b":{}}
,"/Users/granarax/projects/inzynierka/monorepo/engineering-project/Frontend/user-order/src/components/Address/AddressForm.tsx": {"path":"/Users/granarax/projects/inzynierka/monorepo/engineering-project/Frontend/user-order/src/components/Address/AddressForm.tsx","statementMap":{"0":{"start":{"line":2,"column":0},"end":{"line":2,"column":64}},"1":{"start":{"line":3,"column":0},"end":{"line":3,"column":60}},"2":{"start":{"line":4,"column":0},"end":{"line":4,"column":47}},"3":{"start":{"line":16,"column":27},"end":{"line":80,"column":1}},"4":{"start":{"line":25,"column":16},"end":{"line":25,"column":32}},"5":{"start":{"line":27,"column":4},"end":{"line":79,"column":6}},"6":{"start":{"line":37,"column":33},"end":{"line":37,"column":83}},"7":{"start":{"line":46,"column":33},"end":{"line":46,"column":81}},"8":{"start":{"line":55,"column":33},"end":{"line":55,"column":82}},"9":{"start":{"line":64,"column":33},"end":{"line":64,"column":87}},"10":{"start":{"line":74,"column":33},"end":{"line":74,"column":84}},"11":{"start":{"line":16,"column":13},"end":{"line":16,"column":27}}},"fnMap":{"0":{"name":"(anonymous_0)","decl":{"start":{"line":16,"column":27},"end":{"line":16,"column":28}},"loc":{"start":{"line":24,"column":23},"end":{"line":80,"column":1}}},"1":{"name":"(anonymous_1)","decl":{"start":{"line":37,"column":26},"end":{"line":37,"column":27}},"loc":{"start":{"line":37,"column":33},"end":{"line":37,"column":83}}},"2":{"name":"(anonymous_2)","decl":{"start":{"line":46,"column":26},"end":{"line":46,"column":27}},"loc":{"start":{"line":46,"column":33},"end":{"line":46,"column":81}}},"3":{"name":"(anonymous_3)","decl":{"start":{"line":55,"column":26},"end":{"line":55,"column":27}},"loc":{"start":{"line":55,"column":33},"end":{"line":55,"column":82}}},"4":{"name":"(anonymous_4)","decl":{"start":{"line":64,"column":26},"end":{"line":64,"column":27}},"loc":{"start":{"line":64,"column":33},"end":{"line":64,"column":87}}},"5":{"name":"(anonymous_5)","decl":{"start":{"line":74,"column":26},"end":{"line":74,"column":27}},"loc":{"start":{"line":74,"column":33},"end":{"line":74,"column":84}}}},"branchMap":{"0":{"loc":{"start":{"line":36,"column":23},"end":{"line":36,"column":43}},"type":"binary-expr","locations":[{"start":{"line":36,"column":23},"end":{"line":36,"column":37}},{"start":{"line":36,"column":41},"end":{"line":36,"column":43}}]},"1":{"loc":{"start":{"line":45,"column":23},"end":{"line":45,"column":41}},"type":"binary-expr","locations":[{"start":{"line":45,"column":23},"end":{"line":45,"column":35}},{"start":{"line":45,"column":39},"end":{"line":45,"column":41}}]},"2":{"loc":{"start":{"line":54,"column":23},"end":{"line":54,"column":42}},"type":"binary-expr","locations":[{"start":{"line":54,"column":23},"end":{"line":54,"column":36}},{"start":{"line":54,"column":40},"end":{"line":54,"column":42}}]},"3":{"loc":{"start":{"line":63,"column":23},"end":{"line":63,"column":47}},"type":"binary-expr","locations":[{"start":{"line":63,"column":23},"end":{"line":63,"column":41}},{"start":{"line":63,"column":45},"end":{"line":63,"column":47}}]},"4":{"loc":{"start":{"line":73,"column":23},"end":{"line":73,"column":44}},"type":"binary-expr","locations":[{"start":{"line":73,"column":23},"end":{"line":73,"column":38}},{"start":{"line":73,"column":42},"end":{"line":73,"column":44}}]}},"s":{"0":2,"1":2,"2":2,"3":2,"4":2,"5":2,"6":1,"7":1,"8":1,"9":1,"10":1,"11":2},"f":{"0":2,"1":1,"2":1,"3":1,"4":1,"5":1},"b":{"0":[2,0],"1":[2,0],"2":[2,0],"3":[2,0],"4":[2,0]}}
,"/Users/granarax/projects/inzynierka/monorepo/engineering-project/Frontend/user-order/src/components/Delivery/DeliveryMethod.styled.tsx": {"path":"/Users/granarax/projects/inzynierka/monorepo/engineering-project/Frontend/user-order/src/components/Delivery/DeliveryMethod.styled.tsx","statementMap":{"0":{"start":{"line":1,"column":0},"end":{"line":1,"column":50}},"1":{"start":{"line":2,"column":0},"end":{"line":2,"column":39}},"2":{"start":{"line":4,"column":13},"end":{"line":10,"column":2}},"3":{"start":{"line":12,"column":13},"end":{"line":15,"column":2}}},"fnMap":{},"branchMap":{},"s":{"0":2,"1":2,"2":2,"3":2},"f":{},"b":{}}
,"/Users/granarax/projects/inzynierka/monorepo/engineering-project/Frontend/user-order/src/components/Delivery/DeliveryMethods.tsx": {"path":"/Users/granarax/projects/inzynierka/monorepo/engineering-project/Frontend/user-order/src/components/Delivery/DeliveryMethods.tsx","statementMap":{"0":{"start":{"line":2,"column":0},"end":{"line":2,"column":63}},"1":{"start":{"line":3,"column":0},"end":{"line":3,"column":89}},"2":{"start":{"line":12,"column":31},"end":{"line":36,"column":null}},"3":{"start":{"line":18,"column":4},"end":{"line":35,"column":null}},"4":{"start":{"line":24,"column":16},"end":{"line":24,"column":null}},"5":{"start":{"line":28,"column":20},"end":{"line":29,"column":null}},"6":{"start":{"line":12,"column":13},"end":{"line":12,"column":31}}},"fnMap":{"0":{"name":"(anonymous_0)","decl":{"start":{"line":12,"column":31},"end":{"line":12,"column":32}},"loc":{"start":{"line":18,"column":4},"end":{"line":35,"column":null}}},"1":{"name":"(anonymous_1)","decl":{"start":{"line":23,"column":22},"end":{"line":23,"column":23}},"loc":{"start":{"line":23,"column":34},"end":{"line":25,"column":13}}},"2":{"name":"(anonymous_2)","decl":{"start":{"line":27,"column":32},"end":{"line":27,"column":38}},"loc":{"start":{"line":28,"column":20},"end":{"line":29,"column":null}}}},"branchMap":{"0":{"loc":{"start":{"line":22,"column":19},"end":{"line":22,"column":42}},"type":"binary-expr","locations":[{"start":{"line":22,"column":19},"end":{"line":22,"column":36}},{"start":{"line":22,"column":40},"end":{"line":22,"column":42}}]}},"s":{"0":2,"1":2,"2":2,"3":2,"4":1,"5":1,"6":2},"f":{"0":2,"1":1,"2":1},"b":{"0":[2,2]}}
,"/Users/granarax/projects/inzynierka/monorepo/engineering-project/Frontend/user-order/src/components/Items/BaksteItemList.styled.tsx": {"path":"/Users/granarax/projects/inzynierka/monorepo/engineering-project/Frontend/user-order/src/components/Items/BaksteItemList.styled.tsx","statementMap":{"0":{"start":{"line":1,"column":0},"end":{"line":1,"column":57}},"1":{"start":{"line":2,"column":0},"end":{"line":2,"column":39}},"2":{"start":{"line":4,"column":13},"end":{"line":10,"column":2}},"3":{"start":{"line":12,"column":13},"end":{"line":15,"column":2}},"4":{"start":{"line":17,"column":13},"end":{"line":21,"column":2}},"5":{"start":{"line":23,"column":13},"end":{"line":27,"column":2}},"6":{"start":{"line":29,"column":13},"end":{"line":34,"column":2}}},"fnMap":{},"branchMap":{},"s":{"0":1,"1":1,"2":1,"3":1,"4":1,"5":1,"6":1},"f":{},"b":{}}
,"/Users/granarax/projects/inzynierka/monorepo/engineering-project/Frontend/user-order/src/components/Items/BasketItemList.tsx": {"path":"/Users/granarax/projects/inzynierka/monorepo/engineering-project/Frontend/user-order/src/components/Items/BasketItemList.tsx","statementMap":{"0":{"start":{"line":16,"column":0},"end":{"line":16,"column":16}},"1":{"start":{"line":2,"column":0},"end":{"line":2,"column":50}},"2":{"start":{"line":3,"column":0},"end":{"line":3,"column":null}},"3":{"start":{"line":10,"column":0},"end":{"line":10,"column":47}},"4":{"start":{"line":17,"column":16},"end":{"line":17,"column":32}},"5":{"start":{"line":19,"column":4},"end":{"line":33,"column":6}},"6":{"start":{"line":23,"column":16},"end":{"line":23,"column":null}}},"fnMap":{"0":{"name":"BasketItemsList","decl":{"start":{"line":16,"column":16},"end":{"line":16,"column":31}},"loc":{"start":{"line":16,"column":63},"end":{"line":34,"column":1}}},"1":{"name":"(anonymous_1)","decl":{"start":{"line":22,"column":23},"end":{"line":22,"column":27}},"loc":{"start":{"line":23,"column":16},"end":{"line":23,"column":null}}}},"branchMap":{},"s":{"0":1,"1":1,"2":1,"3":1,"4":1,"5":1,"6":1},"f":{"0":1,"1":1},"b":{}}
,"/Users/granarax/projects/inzynierka/monorepo/engineering-project/Frontend/user-order/src/components/Order/Order.styled.tsx": {"path":"/Users/granarax/projects/inzynierka/monorepo/engineering-project/Frontend/user-order/src/components/Order/Order.styled.tsx","statementMap":{"0":{"start":{"line":1,"column":0},"end":{"line":1,"column":39}},"1":{"start":{"line":3,"column":13},"end":{"line":10,"column":2}}},"fnMap":{},"branchMap":{},"s":{"0":1,"1":1},"f":{},"b":{}}
,"/Users/granarax/projects/inzynierka/monorepo/engineering-project/Frontend/user-order/src/components/Order/Order.tsx": {"path":"/Users/granarax/projects/inzynierka/monorepo/engineering-project/Frontend/user-order/src/components/Order/Order.tsx","statementMap":{"0":{"start":{"line":17,"column":0},"end":{"line":17,"column":24}},"1":{"start":{"line":1,"column":0},"end":{"line":1,"column":42}},"2":{"start":{"line":2,"column":0},"end":{"line":2,"column":26}},"3":{"start":{"line":3,"column":0},"end":{"line":3,"column":65}},"4":{"start":{"line":5,"column":0},"end":{"line":5,"column":51}},"5":{"start":{"line":6,"column":0},"end":{"line":6,"column":60}},"6":{"start":{"line":7,"column":0},"end":{"line":7,"column":57}},"7":{"start":{"line":8,"column":0},"end":{"line":8,"column":50}},"8":{"start":{"line":9,"column":0},"end":{"line":9,"column":56}},"9":{"start":{"line":10,"column":0},"end":{"line":10,"column":49}},"10":{"start":{"line":11,"column":0},"end":{"line":11,"column":45}},"11":{"start":{"line":12,"column":0},"end":{"line":12,"column":47}},"12":{"start":{"line":13,"column":0},"end":{"line":13,"column":47}},"13":{"start":{"line":14,"column":0},"end":{"line":14,"column":25}},"14":{"start":{"line":15,"column":0},"end":{"line":15,"column":46}},"15":{"start":{"line":19,"column":48},"end":{"line":19,"column":77}},"16":{"start":{"line":20,"column":34},"end":{"line":20,"column":48}},"17":{"start":{"line":21,"column":54},"end":{"line":21,"column":83}},"18":{"start":{"line":22,"column":34},"end":{"line":28,"column":6}},"19":{"start":{"line":29,"column":46},"end":{"line":29,"column":61}},"20":{"start":{"line":30,"column":44},"end":{"line":30,"column":73}},"21":{"start":{"line":31,"column":30},"end":{"line":31,"column":59}},"22":{"start":{"line":32,"column":48},"end":{"line":32,"column":63}},"23":{"start":{"line":33,"column":42},"end":{"line":33,"column":61}},"24":{"start":{"line":34,"column":36},"end":{"line":34,"column":65}},"25":{"start":{"line":35,"column":42},"end":{"line":35,"column":77}},"26":{"start":{"line":36,"column":34},"end":{"line":36,"column":63}},"27":{"start":{"line":37,"column":26},"end":{"line":37,"column":147}},"28":{"start":{"line":38,"column":21},"end":{"line":38,"column":34}},"29":{"start":{"line":39,"column":18},"end":{"line":39,"column":51}},"30":{"start":{"line":40,"column":16},"end":{"line":40,"column":32}},"31":{"start":{"line":42,"column":4},"end":{"line":64,"column":16}},"32":{"start":{"line":43,"column":26},"end":{"line":62,"column":9}},"33":{"start":{"line":44,"column":12},"end":{"line":61,"column":13}},"34":{"start":{"line":45,"column":38},"end":{"line":47,"column":18}},"35":{"start":{"line":48,"column":16},"end":{"line":48,"column":73}},"36":{"start":{"line":50,"column":37},"end":{"line":52,"column":18}},"37":{"start":{"line":53,"column":16},"end":{"line":53,"column":63}},"38":{"start":{"line":54,"column":16},"end":{"line":54,"column":56}},"39":{"start":{"line":55,"column":16},"end":{"line":55,"column":65}},"40":{"start":{"line":57,"column":16},"end":{"line":57,"column":34}},"41":{"start":{"line":59,"column":16},"end":{"line":59,"column":49}},"42":{"start":{"line":60,"column":16},"end":{"line":60,"column":34}},"43":{"start":{"line":63,"column":8},"end":{"line":63,"column":20}},"44":{"start":{"line":66,"column":30},"end":{"line":100,"column":5}},"45":{"start":{"line":67,"column":8},"end":{"line":70,"column":9}},"46":{"start":{"line":68,"column":12},"end":{"line":68,"column":56}},"47":{"start":{"line":69,"column":12},"end":{"line":69,"column":19}},"48":{"start":{"line":71,"column":8},"end":{"line":74,"column":9}},"49":{"start":{"line":72,"column":12},"end":{"line":72,"column":58}},"50":{"start":{"line":73,"column":12},"end":{"line":73,"column":19}},"51":{"start":{"line":75,"column":8},"end":{"line":78,"column":9}},"52":{"start":{"line":76,"column":12},"end":{"line":76,"column":40}},"53":{"start":{"line":77,"column":12},"end":{"line":77,"column":19}},"54":{"start":{"line":79,"column":8},"end":{"line":79,"column":31}},"55":{"start":{"line":80,"column":8},"end":{"line":80,"column":23}},"56":{"start":{"line":82,"column":8},"end":{"line":99,"column":9}},"57":{"start":{"line":83,"column":29},"end":{"line":87,"column":14}},"58":{"start":{"line":88,"column":27},"end":{"line":90,"column":14}},"59":{"start":{"line":91,"column":35},"end":{"line":91,"column":46}},"60":{"start":{"line":92,"column":28},"end":{"line":92,"column":47}},"61":{"start":{"line":93,"column":12},"end":{"line":93,"column":42}},"62":{"start":{"line":94,"column":12},"end":{"line":94,"column":32}},"63":{"start":{"line":95,"column":12},"end":{"line":95,"column":36}},"64":{"start":{"line":97,"column":12},"end":{"line":97,"column":47}},"65":{"start":{"line":98,"column":12},"end":{"line":98,"column":36}},"66":{"start":{"line":102,"column":33},"end":{"line":108,"column":5}},"67":{"start":{"line":103,"column":8},"end":{"line":103,"column":32}},"68":{"start":{"line":104,"column":8},"end":{"line":106,"column":9}},"69":{"start":{"line":105,"column":12},"end":{"line":105,"column":48}},"70":{"start":{"line":107,"column":8},"end":{"line":107,"column":35}},"71":{"start":{"line":110,"column":26},"end":{"line":122,"column":5}},"72":{"start":{"line":111,"column":8},"end":{"line":121,"column":9}},"73":{"start":{"line":112,"column":40},"end":{"line":115,"column":14}},"74":{"start":{"line":116,"column":12},"end":{"line":118,"column":15}},"75":{"start":{"line":120,"column":12},"end":{"line":120,"column":54}},"76":{"start":{"line":124,"column":4},"end":{"line":126,"column":5}},"77":{"start":{"line":125,"column":8},"end":{"line":125,"column":53}},"78":{"start":{"line":128,"column":4},"end":{"line":130,"column":5}},"79":{"start":{"line":129,"column":8},"end":{"line":129,"column":53}},"80":{"start":{"line":132,"column":4},"end":{"line":183,"column":6}},"81":{"start":{"line":176,"column":42},"end":{"line":176,"column":55}}},"fnMap":{"0":{"name":"Order","decl":{"start":{"line":17,"column":24},"end":{"line":17,"column":29}},"loc":{"start":{"line":17,"column":29},"end":{"line":184,"column":1}}},"1":{"name":"(anonymous_1)","decl":{"start":{"line":42,"column":14},"end":{"line":42,"column":17}},"loc":{"start":{"line":42,"column":19},"end":{"line":64,"column":5}}},"2":{"name":"(anonymous_2)","decl":{"start":{"line":43,"column":26},"end":{"line":43,"column":31}},"loc":{"start":{"line":43,"column":37},"end":{"line":62,"column":9}}},"3":{"name":"(anonymous_3)","decl":{"start":{"line":66,"column":30},"end":{"line":66,"column":35}},"loc":{"start":{"line":66,"column":41},"end":{"line":100,"column":5}}},"4":{"name":"(anonymous_4)","decl":{"start":{"line":102,"column":33},"end":{"line":102,"column":36}},"loc":{"start":{"line":102,"column":38},"end":{"line":108,"column":5}}},"5":{"name":"(anonymous_5)","decl":{"start":{"line":110,"column":26},"end":{"line":110,"column":31}},"loc":{"start":{"line":110,"column":68},"end":{"line":122,"column":5}}},"6":{"name":"(anonymous_6)","decl":{"start":{"line":176,"column":33},"end":{"line":176,"column":34}},"loc":{"start":{"line":176,"column":42},"end":{"line":176,"column":55}}}},"branchMap":{"0":{"loc":{"start":{"line":67,"column":8},"end":{"line":70,"column":9}},"type":"if","locations":[{"start":{"line":67,"column":8},"end":{"line":70,"column":9}}]},"1":{"loc":{"start":{"line":71,"column":8},"end":{"line":74,"column":9}},"type":"if","locations":[{"start":{"line":71,"column":8},"end":{"line":74,"column":9}}]},"2":{"loc":{"start":{"line":71,"column":12},"end":{"line":71,"column":105}},"type":"binary-expr","locations":[{"start":{"line":71,"column":12},"end":{"line":71,"column":27}},{"start":{"line":71,"column":31},"end":{"line":71,"column":44}},{"start":{"line":71,"column":48},"end":{"line":71,"column":67}},{"start":{"line":71,"column":71},"end":{"line":71,"column":87}},{"start":{"line":71,"column":91},"end":{"line":71,"column":105}}]},"3":{"loc":{"start":{"line":75,"column":8},"end":{"line":78,"column":9}},"type":"if","locations":[{"start":{"line":75,"column":8},"end":{"line":78,"column":9}}]},"4":{"loc":{"start":{"line":104,"column":8},"end":{"line":106,"column":9}},"type":"if","locations":[{"start":{"line":104,"column":8},"end":{"line":106,"column":9}}]},"5":{"loc":{"start":{"line":124,"column":4},"end":{"line":126,"column":5}},"type":"if","locations":[{"start":{"line":124,"column":4},"end":{"line":126,"column":5}}]},"6":{"loc":{"start":{"line":128,"column":4},"end":{"line":130,"column":5}},"type":"if","locations":[{"start":{"line":128,"column":4},"end":{"line":130,"column":5}}]},"7":{"loc":{"start":{"line":135,"column":13},"end":{"line":135,"column":65}},"type":"binary-expr","locations":[{"start":{"line":135,"column":13},"end":{"line":135,"column":18}},{"start":{"line":135,"column":22},"end":{"line":135,"column":65}}]},"8":{"loc":{"start":{"line":137,"column":13},"end":{"line":167,"column":null}},"type":"binary-expr","locations":[{"start":{"line":137,"column":13},"end":{"line":137,"column":26}},{"start":{"line":137,"column":30},"end":{"line":137,"column":41}},{"start":{"line":137,"column":45},"end":{"line":137,"column":67}},{"start":{"line":138,"column":16},"end":{"line":166,"column":null}}]},"9":{"loc":{"start":{"line":165,"column":25},"end":{"line":165,"column":89}},"type":"cond-expr","locations":[{"start":{"line":165,"column":41},"end":{"line":165,"column":65}},{"start":{"line":165,"column":68},"end":{"line":165,"column":89}}]},"10":{"loc":{"start":{"line":170,"column":13},"end":{"line":179,"column":null}},"type":"binary-expr","locations":[{"start":{"line":170,"column":13},"end":{"line":170,"column":25}},{"start":{"line":170,"column":29},"end":{"line":170,"column":44}},{"start":{"line":172,"column":16},"end":{"line":178,"column":null}}]}},"s":{"0":1,"1":1,"2":1,"3":1,"4":1,"5":1,"6":1,"7":1,"8":1,"9":1,"10":1,"11":1,"12":1,"13":1,"14":1,"15":38,"16":37,"17":37,"18":37,"19":37,"20":37,"21":37,"22":37,"23":37,"24":37,"25":37,"26":37,"27":37,"28":37,"29":37,"30":37,"31":37,"32":8,"33":8,"34":8,"35":7,"36":7,"37":7,"38":7,"39":7,"40":7,"41":1,"42":1,"43":8,"44":37,"45":6,"46":1,"47":1,"48":5,"49":1,"50":1,"51":4,"52":1,"53":1,"54":3,"55":3,"56":3,"57":3,"58":3,"59":2,"60":2,"61":2,"62":2,"63":2,"64":1,"65":1,"66":37,"67":1,"68":1,"69":1,"70":1,"71":37,"72":1,"73":1,"74":1,"75":0,"76":37,"77":8,"78":29,"79":1,"80":28,"81":1},"f":{"0":38,"1":8,"2":8,"3":6,"4":1,"5":1,"6":1},"b":{"0":[1],"1":[1],"2":[5,4,4,4,4],"3":[1],"4":[1],"5":[8],"6":[1],"7":[28,6],"8":[28,25,24,24],"9":[3,21],"10":[28,3,3]}}
,"/Users/granarax/projects/inzynierka/monorepo/engineering-project/Frontend/user-order/src/components/Order/OrderHistory/OrderHistory.styled.tsx": {"path":"/Users/granarax/projects/inzynierka/monorepo/engineering-project/Frontend/user-order/src/components/Order/OrderHistory/OrderHistory.styled.tsx","statementMap":{"0":{"start":{"line":1,"column":0},"end":{"line":1,"column":57}},"1":{"start":{"line":2,"column":0},"end":{"line":2,"column":39}},"2":{"start":{"line":4,"column":13},"end":{"line":12,"column":2}},"3":{"start":{"line":14,"column":13},"end":{"line":19,"column":2}},"4":{"start":{"line":21,"column":13},"end":{"line":26,"column":2}},"5":{"start":{"line":28,"column":13},"end":{"line":33,"column":2}},"6":{"start":{"line":35,"column":13},"end":{"line":40,"column":2}},"7":{"start":{"line":42,"column":13},"end":{"line":46,"column":2}},"8":{"start":{"line":48,"column":13},"end":{"line":54,"column":2}}},"fnMap":{},"branchMap":{},"s":{"0":1,"1":1,"2":1,"3":1,"4":1,"5":1,"6":1,"7":1,"8":1},"f":{},"b":{}}
,"/Users/granarax/projects/inzynierka/monorepo/engineering-project/Frontend/user-order/src/components/Order/OrderHistory/OrderHistory.tsx": {"path":"/Users/granarax/projects/inzynierka/monorepo/engineering-project/Frontend/user-order/src/components/Order/OrderHistory/OrderHistory.tsx","statementMap":{"0":{"start":{"line":32,"column":0},"end":{"line":32,"column":24}},"1":{"start":{"line":1,"column":0},"end":{"line":1,"column":42}},"2":{"start":{"line":2,"column":0},"end":{"line":2,"column":26}},"3":{"start":{"line":4,"column":0},"end":{"line":4,"column":null}},"4":{"start":{"line":13,"column":0},"end":{"line":13,"column":null}},"5":{"start":{"line":22,"column":0},"end":{"line":22,"column":47}},"6":{"start":{"line":23,"column":0},"end":{"line":23,"column":84}},"7":{"start":{"line":33,"column":32},"end":{"line":33,"column":53}},"8":{"start":{"line":34,"column":34},"end":{"line":34,"column":48}},"9":{"start":{"line":35,"column":30},"end":{"line":35,"column":45}},"10":{"start":{"line":36,"column":16},"end":{"line":36,"column":32}},"11":{"start":{"line":37,"column":18},"end":{"line":37,"column":51}},"12":{"start":{"line":39,"column":4},"end":{"line":54,"column":16}},"13":{"start":{"line":40,"column":28},"end":{"line":52,"column":9}},"14":{"start":{"line":41,"column":12},"end":{"line":51,"column":13}},"15":{"start":{"line":42,"column":16},"end":{"line":42,"column":null}},"16":{"start":{"line":43,"column":33},"end":{"line":45,"column":18}},"17":{"start":{"line":46,"column":16},"end":{"line":46,"column":41}},"18":{"start":{"line":47,"column":16},"end":{"line":47,"column":34}},"19":{"start":{"line":49,"column":16},"end":{"line":49,"column":31}},"20":{"start":{"line":50,"column":16},"end":{"line":50,"column":34}},"21":{"start":{"line":53,"column":8},"end":{"line":53,"column":22}},"22":{"start":{"line":56,"column":4},"end":{"line":58,"column":5}},"23":{"start":{"line":57,"column":8},"end":{"line":57,"column":60}},"24":{"start":{"line":60,"column":4},"end":{"line":62,"column":5}},"25":{"start":{"line":61,"column":8},"end":{"line":61,"column":84}},"26":{"start":{"line":64,"column":4},"end":{"line":106,"column":6}},"27":{"start":{"line":71,"column":20},"end":{"line":71,"column":null}},"28":{"start":{"line":90,"column":40},"end":{"line":91,"column":null}}},"fnMap":{"0":{"name":"OrderHistory","decl":{"start":{"line":32,"column":24},"end":{"line":32,"column":36}},"loc":{"start":{"line":32,"column":36},"end":{"line":107,"column":1}}},"1":{"name":"(anonymous_1)","decl":{"start":{"line":39,"column":14},"end":{"line":39,"column":17}},"loc":{"start":{"line":39,"column":19},"end":{"line":54,"column":5}}},"2":{"name":"(anonymous_2)","decl":{"start":{"line":40,"column":28},"end":{"line":40,"column":33}},"loc":{"start":{"line":40,"column":39},"end":{"line":52,"column":9}}},"3":{"name":"(anonymous_3)","decl":{"start":{"line":70,"column":27},"end":{"line":70,"column":28}},"loc":{"start":{"line":71,"column":20},"end":{"line":71,"column":null}}},"4":{"name":"(anonymous_4)","decl":{"start":{"line":89,"column":53},"end":{"line":89,"column":54}},"loc":{"start":{"line":90,"column":40},"end":{"line":91,"column":null}}}},"branchMap":{"0":{"loc":{"start":{"line":56,"column":4},"end":{"line":58,"column":5}},"type":"if","locations":[{"start":{"line":56,"column":4},"end":{"line":58,"column":5}}]},"1":{"loc":{"start":{"line":60,"column":4},"end":{"line":62,"column":5}},"type":"if","locations":[{"start":{"line":60,"column":4},"end":{"line":62,"column":5}}]},"2":{"loc":{"start":{"line":67,"column":13},"end":{"line":103,"column":null}},"type":"cond-expr","locations":[{"start":{"line":68,"column":16},"end":{"line":68,"column":57}},{"start":{"line":70,"column":16},"end":{"line":103,"column":18}}]},"3":{"loc":{"start":{"line":92,"column":53},"end":{"line":92,"column":92}},"type":"cond-expr","locations":[{"start":{"line":92,"column":71},"end":{"line":92,"column":80}},{"start":{"line":92,"column":83},"end":{"line":92,"column":92}}]}},"s":{"0":1,"1":1,"2":1,"3":1,"4":1,"5":1,"6":1,"7":7,"8":6,"9":6,"10":6,"11":6,"12":6,"13":3,"14":3,"15":3,"16":3,"17":2,"18":2,"19":1,"20":1,"21":3,"22":6,"23":3,"24":3,"25":1,"26":2,"27":2,"28":2},"f":{"0":7,"1":3,"2":3,"3":2,"4":2},"b":{"0":[3],"1":[1],"2":[1,1],"3":[2,0]}}
,"/Users/granarax/projects/inzynierka/monorepo/engineering-project/Frontend/user-order/src/components/Order/OrderHistoryTableRow/OrderHistoryTableRow.styled.tsx": {"path":"/Users/granarax/projects/inzynierka/monorepo/engineering-project/Frontend/user-order/src/components/Order/OrderHistoryTableRow/OrderHistoryTableRow.styled.tsx","statementMap":{"0":{"start":{"line":1,"column":0},"end":{"line":1,"column":61}},"1":{"start":{"line":2,"column":0},"end":{"line":2,"column":39}},"2":{"start":{"line":4,"column":13},"end":{"line":6,"column":2}},"3":{"start":{"line":5,"column":29},"end":{"line":5,"column":42}},"4":{"start":{"line":8,"column":13},"end":{"line":13,"column":2}}},"fnMap":{"0":{"name":"(anonymous_0)","decl":{"start":{"line":5,"column":18},"end":{"line":5,"column":19}},"loc":{"start":{"line":5,"column":29},"end":{"line":5,"column":42}}}},"branchMap":{},"s":{"0":1,"1":1,"2":1,"3":1,"4":1},"f":{"0":1},"b":{}}
,"/Users/granarax/projects/inzynierka/monorepo/engineering-project/Frontend/user-order/src/components/Order/OrderHistoryTableRow/OrderHistoryTableRow.tsx": {"path":"/Users/granarax/projects/inzynierka/monorepo/engineering-project/Frontend/user-order/src/components/Order/OrderHistoryTableRow/OrderHistoryTableRow.tsx","statementMap":{"0":{"start":{"line":1,"column":0},"end":{"line":1,"column":55}},"1":{"start":{"line":3,"column":0},"end":{"line":3,"column":93}},"2":{"start":{"line":10,"column":36},"end":{"line":27,"column":null}},"3":{"start":{"line":14,"column":4},"end":{"line":26,"column":null}},"4":{"start":{"line":10,"column":13},"end":{"line":10,"column":36}}},"fnMap":{"0":{"name":"(anonymous_0)","decl":{"start":{"line":10,"column":36},"end":{"line":10,"column":37}},"loc":{"start":{"line":14,"column":4},"end":{"line":26,"column":null}}}},"branchMap":{},"s":{"0":1,"1":1,"2":1,"3":1,"4":1},"f":{"0":1},"b":{}}
,"/Users/granarax/projects/inzynierka/monorepo/engineering-project/Frontend/user-order/src/components/Order/OrderSummary/OrderSummary.styled.tsx": {"path":"/Users/granarax/projects/inzynierka/monorepo/engineering-project/Frontend/user-order/src/components/Order/OrderSummary/OrderSummary.styled.tsx","statementMap":{"0":{"start":{"line":1,"column":0},"end":{"line":1,"column":50}},"1":{"start":{"line":2,"column":0},"end":{"line":2,"column":39}},"2":{"start":{"line":4,"column":13},"end":{"line":10,"column":2}},"3":{"start":{"line":12,"column":13},"end":{"line":14,"column":2}}},"fnMap":{},"branchMap":{},"s":{"0":2,"1":2,"2":2,"3":2},"f":{},"b":{}}
,"/Users/granarax/projects/inzynierka/monorepo/engineering-project/Frontend/user-order/src/components/Order/OrderSummary/OrderSummary.tsx": {"path":"/Users/granarax/projects/inzynierka/monorepo/engineering-project/Frontend/user-order/src/components/Order/OrderSummary/OrderSummary.tsx","statementMap":{"0":{"start":{"line":1,"column":0},"end":{"line":1,"column":50}},"1":{"start":{"line":2,"column":0},"end":{"line":2,"column":74}},"2":{"start":{"line":10,"column":28},"end":{"line":17,"column":1}},"3":{"start":{"line":11,"column":4},"end":{"line":16,"column":6}},"4":{"start":{"line":10,"column":13},"end":{"line":10,"column":28}}},"fnMap":{"0":{"name":"(anonymous_0)","decl":{"start":{"line":10,"column":28},"end":{"line":10,"column":29}},"loc":{"start":{"line":10,"column":92},"end":{"line":17,"column":1}}}},"branchMap":{},"s":{"0":2,"1":2,"2":2,"3":1,"4":2},"f":{"0":1},"b":{}}
,"/Users/granarax/projects/inzynierka/monorepo/engineering-project/Frontend/user-order/src/components/Order/Payment/PaymentForm.styled.tsx": {"path":"/Users/granarax/projects/inzynierka/monorepo/engineering-project/Frontend/user-order/src/components/Order/Payment/PaymentForm.styled.tsx","statementMap":{"0":{"start":{"line":1,"column":0},"end":{"line":1,"column":43}},"1":{"start":{"line":3,"column":13},"end":{"line":10,"column":2}}},"fnMap":{},"branchMap":{},"s":{"0":2,"1":2},"f":{},"b":{}}
,"/Users/granarax/projects/inzynierka/monorepo/engineering-project/Frontend/user-order/src/components/Order/Payment/PaymentForm.tsx": {"path":"/Users/granarax/projects/inzynierka/monorepo/engineering-project/Frontend/user-order/src/components/Order/Payment/PaymentForm.tsx","statementMap":{"0":{"start":{"line":1,"column":0},"end":{"line":1,"column":76}},"1":{"start":{"line":2,"column":0},"end":{"line":2,"column":56}},"2":{"start":{"line":3,"column":0},"end":{"line":3,"column":31}},"3":{"start":{"line":4,"column":0},"end":{"line":4,"column":58}},"4":{"start":{"line":5,"column":0},"end":{"line":5,"column":47}},"5":{"start":{"line":14,"column":27},"end":{"line":52,"column":1}},"6":{"start":{"line":20,"column":19},"end":{"line":20,"column":30}},"7":{"start":{"line":21,"column":21},"end":{"line":21,"column":34}},"8":{"start":{"line":22,"column":40},"end":{"line":22,"column":55}},"9":{"start":{"line":23,"column":16},"end":{"line":23,"column":32}},"10":{"start":{"line":25,"column":26},"end":{"line":41,"column":5}},"11":{"start":{"line":26,"column":8},"end":{"line":26,"column":41}},"12":{"start":{"line":26,"column":34},"end":{"line":26,"column":41}},"13":{"start":{"line":27,"column":28},"end":{"line":27,"column":60}},"14":{"start":{"line":28,"column":8},"end":{"line":28,"column":33}},"15":{"start":{"line":28,"column":26},"end":{"line":28,"column":33}},"16":{"start":{"line":30,"column":8},"end":{"line":30,"column":28}},"17":{"start":{"line":31,"column":41},"end":{"line":33,"column":10}},"18":{"start":{"line":35,"column":8},"end":{"line":39,"column":9}},"19":{"start":{"line":36,"column":12},"end":{"line":36,"column":55}},"20":{"start":{"line":37,"column":15},"end":{"line":39,"column":9}},"21":{"start":{"line":38,"column":12},"end":{"line":38,"column":31}},"22":{"start":{"line":40,"column":8},"end":{"line":40,"column":29}},"23":{"start":{"line":43,"column":4},"end":{"line":51,"column":6}},"24":{"start":{"line":14,"column":13},"end":{"line":14,"column":27}}},"fnMap":{"0":{"name":"(anonymous_0)","decl":{"start":{"line":14,"column":27},"end":{"line":14,"column":28}},"loc":{"start":{"line":19,"column":23},"end":{"line":52,"column":1}}},"1":{"name":"(anonymous_1)","decl":{"start":{"line":25,"column":26},"end":{"line":25,"column":31}},"loc":{"start":{"line":25,"column":37},"end":{"line":41,"column":5}}}},"branchMap":{"0":{"loc":{"start":{"line":26,"column":8},"end":{"line":26,"column":41}},"type":"if","locations":[{"start":{"line":26,"column":8},"end":{"line":26,"column":41}}]},"1":{"loc":{"start":{"line":26,"column":12},"end":{"line":26,"column":32}},"type":"binary-expr","locations":[{"start":{"line":26,"column":12},"end":{"line":26,"column":19}},{"start":{"line":26,"column":23},"end":{"line":26,"column":32}}]},"2":{"loc":{"start":{"line":28,"column":8},"end":{"line":28,"column":33}},"type":"if","locations":[{"start":{"line":28,"column":8},"end":{"line":28,"column":33}}]},"3":{"loc":{"start":{"line":35,"column":8},"end":{"line":39,"column":9}},"type":"if","locations":[{"start":{"line":35,"column":8},"end":{"line":39,"column":9}},{"start":{"line":37,"column":15},"end":{"line":39,"column":9}}]},"4":{"loc":{"start":{"line":36,"column":20},"end":{"line":36,"column":53}},"type":"binary-expr","locations":[{"start":{"line":36,"column":20},"end":{"line":36,"column":33}},{"start":{"line":36,"column":37},"end":{"line":36,"column":53}}]},"5":{"loc":{"start":{"line":37,"column":15},"end":{"line":39,"column":9}},"type":"if","locations":[{"start":{"line":37,"column":15},"end":{"line":39,"column":9}}]},"6":{"loc":{"start":{"line":37,"column":19},"end":{"line":37,"column":72}},"type":"binary-expr","locations":[{"start":{"line":37,"column":19},"end":{"line":37,"column":32}},{"start":{"line":37,"column":36},"end":{"line":37,"column":72}}]},"7":{"loc":{"start":{"line":48,"column":17},"end":{"line":48,"column":68}},"type":"cond-expr","locations":[{"start":{"line":48,"column":30},"end":{"line":48,"column":57}},{"start":{"line":48,"column":60},"end":{"line":48,"column":68}}]}},"s":{"0":2,"1":2,"2":2,"3":2,"4":2,"5":2,"6":10,"7":10,"8":10,"9":10,"10":10,"11":6,"12":2,"13":4,"14":4,"15":1,"16":3,"17":3,"18":3,"19":1,"20":2,"21":0,"22":3,"23":10,"24":2},"f":{"0":10,"1":6},"b":{"0":[2],"1":[6,4],"2":[1],"3":[1,2],"4":[1,0],"5":[0],"6":[2,0],"7":[3,7]}}
}
