TN:
SF:src/components/Address/AddressForm.styled.tsx
FNF:0
FNH:0
DA:1,1
DA:3,1
LF:2
LH:2
BRF:0
BRH:0
end_of_record
TN:
SF:src/components/Address/AddressForm.tsx
FN:16,AddressForm
FN:30,(anonymous_1)
FN:39,(anonymous_2)
FN:48,(anonymous_3)
FN:57,(anonymous_4)
FN:67,(anonymous_5)
FNF:6
FNH:6
FNDA:2,AddressForm
FNDA:1,(anonymous_1)
FNDA:1,(anonymous_2)
FNDA:1,(anonymous_3)
FNDA:1,(anonymous_4)
FNDA:1,(anonymous_5)
DA:2,1
DA:3,1
DA:4,1
DA:16,1
DA:17,2
DA:18,2
DA:20,2
DA:30,1
DA:39,1
DA:48,1
DA:57,1
DA:67,1
LF:12
LH:12
BRDA:29,0,0,2
BRDA:29,0,1,0
BRDA:38,1,0,2
BRDA:38,1,1,0
BRDA:47,2,0,2
BRDA:47,2,1,0
BRDA:56,3,0,2
BRDA:56,3,1,0
BRDA:66,4,0,2
BRDA:66,4,1,0
BRF:10
BRH:5
end_of_record
TN:
SF:src/components/Delivery/DeliveryMethod.styled.tsx
FNF:0
FNH:0
DA:1,1
DA:3,1
LF:2
LH:2
BRF:0
BRH:0
end_of_record
TN:
SF:src/components/Delivery/DeliveryMethods.tsx
FN:12,DeliveryMethods
FN:21,(anonymous_1)
FN:25,(anonymous_2)
FNF:3
FNH:3
FNDA:2,DeliveryMethods
FNDA:1,(anonymous_1)
FNDA:1,(anonymous_2)
DA:2,1
DA:3,1
DA:12,1
DA:13,2
DA:15,2
DA:22,1
DA:26,1
LF:7
LH:7
BRDA:20,0,0,2
BRDA:20,0,1,2
BRF:2
BRH:2
end_of_record
TN:
SF:src/components/Items/BaksteItemList.styled.tsx
FNF:0
FNH:0
DA:1,1
DA:3,1
LF:2
LH:2
BRF:0
BRH:0
end_of_record
TN:
SF:src/components/Items/BasketItemList.tsx
FN:10,BasketItemsList
FN:17,(anonymous_1)
FNF:2
FNH:2
FNDA:1,BasketItemsList
FNDA:1,(anonymous_1)
DA:2,1
DA:3,1
DA:4,1
DA:10,1
DA:11,1
DA:12,1
DA:14,1
DA:18,1
LF:8
LH:8
BRF:0
BRH:0
end_of_record
TN:
SF:src/components/Order/OrderSummary.styled.tsx
FNF:0
FNH:0
DA:1,1
DA:3,1
LF:2
LH:2
BRF:0
BRH:0
end_of_record
TN:
SF:src/components/Order/OrderSummary.tsx
FN:9,OrderSummary
FNF:1
FNH:1
FNDA:1,OrderSummary
DA:1,1
DA:2,1
DA:9,1
DA:10,1
DA:12,1
LF:5
LH:5
BRF:0
BRH:0
end_of_record
